<?xml version="1.0" encoding="UTF-8"?>
<!-- Generated by org.testng.reporters.JUnitXMLReporter -->
<testsuite ignored="0" hostname="DESKTOP-KKFHIAA" failures="0" tests="3" name="Group 2" time="229.366" errors="0" timestamp="2022-10-07T12:28:00 ICT">
  <testcase classname="test.computer.BuyingStandardComputerTest" name="testStandardComputerBuying" time="168.998"/>
  <testcase classname="test.computer.BuyingStandardComputerTest" name="testStandardComputerBuying" time="33.35"/>
  <testcase classname="test.computer.BuyingStandardComputerTest" name="testStandardComputerBuying" time="26.003"/>
</testsuite> <!-- Group 2 -->
